<?xml version="1.0" encoding="UTF-8"?>
<!-- Generated by org.testng.reporters.JUnitReportReporter -->
<testsuite skipped="0" hostname="LAPTOP-2JQA28IF" name="com.kite.POMClasses.TestNG" tests="1" failures="0" timestamp="2022-04-07T11:29:58 IST" time="0.014" errors="0">
  <testcase name="method1" time="0.014" classname="com.kite.POMClasses.TestNG"/>
  <system-out/>
</testsuite> <!-- com.kite.POMClasses.TestNG -->
