<?xml version="1.0" encoding="UTF-8"?>
<!-- Generated by org.testng.reporters.JUnitReportReporter -->
<testsuite skipped="0" hostname="LAPTOP-2JQA28IF" name="com.sauceDemo.PracticePackage.TestNG3" tests="4" failures="0" timestamp="2022-04-09T18:10:53 IST" time="0.022" errors="0">
  <testcase name="test2" time="0.002" classname="com.sauceDemo.PracticePackage.TestNG3"/>
  <system-out/>
  <testcase name="test3" time="0.004" classname="com.sauceDemo.PracticePackage.TestNG3"/>
  <system-out/>
  <testcase name="test4" time="0.007" classname="com.sauceDemo.PracticePackage.TestNG3"/>
  <system-out/>
  <testcase name="test1" time="0.009" classname="com.sauceDemo.PracticePackage.TestNG3"/>
  <system-out/>
</testsuite> <!-- com.sauceDemo.PracticePackage.TestNG3 -->
