<?xml version="1.0" encoding="UTF-8"?>
<!-- Generated by org.testng.reporters.JUnitReportReporter -->
<testsuite skipped="0" hostname="LAPTOP-2JQA28IF" name="com.sauceDemo.TestClasses.TC03LogoutFunctionality" tests="2" failures="0" timestamp="2022-04-13T12:49:00 IST" time="40.081" errors="0">
  <testcase name="verifyLogoutFunctionality" time="24.884" classname="com.sauceDemo.TestClasses.TC03LogoutFunctionality"/>
  <system-out/>
  <testcase name="verifyLogoutFunctionality" time="15.197" classname="com.sauceDemo.TestClasses.TC03LogoutFunctionality"/>
  <system-out/>
</testsuite> <!-- com.sauceDemo.TestClasses.TC03LogoutFunctionality -->
