<?xml version="1.0" encoding="UTF-8"?>
<!-- Generated by org.testng.reporters.JUnitReportReporter -->
<testsuite skipped="0" hostname="LAPTOP-2JQA28IF" name="com.sauceDemo.PracticePackage.TestNG4" tests="2" failures="0" timestamp="2022-04-09T18:20:38 IST" time="0.011" errors="0">
  <testcase name="test1" time="0.009" classname="com.sauceDemo.PracticePackage.TestNG4"/>
  <system-out/>
  <testcase name="test2" time="0.002" classname="com.sauceDemo.PracticePackage.TestNG4"/>
  <system-out/>
</testsuite> <!-- com.sauceDemo.PracticePackage.TestNG4 -->
