<?xml version="1.0" encoding="UTF-8"?>
<!-- Generated by org.testng.reporters.JUnitReportReporter -->
<testsuite skipped="0" hostname="LAPTOP-2JQA28IF" name="com.sauceDemo.PracticePackage.TestNG1" tests="1" failures="0" timestamp="2022-04-09T18:06:22 IST" time="0.012" errors="0">
  <testcase name="verifyloginFunctionality" time="0.012" classname="com.sauceDemo.PracticePackage.TestNG1"/>
  <system-out/>
</testsuite> <!-- com.sauceDemo.PracticePackage.TestNG1 -->
