<?xml version="1.0" encoding="UTF-8"?>
<!-- Generated by org.testng.reporters.JUnitReportReporter -->
<testsuite skipped="0" hostname="LAPTOP-2JQA28IF" name="com.sauceDemo.TestClasses.TC04AddToCartFunctionalityMultipleProduct" tests="2" failures="0" timestamp="2022-04-17T11:48:50 IST" time="15.132" errors="0">
  <testcase name="verifyAddToCartfunctionalityMultipleProduct" time="5.058" classname="com.sauceDemo.TestClasses.TC04AddToCartFunctionalityMultipleProduct"/>
  <system-out/>
  <testcase name="verifyAddToCartfunctionalityMultipleProduct" time="10.074" classname="com.sauceDemo.TestClasses.TC04AddToCartFunctionalityMultipleProduct"/>
  <system-out/>
</testsuite> <!-- com.sauceDemo.TestClasses.TC04AddToCartFunctionalityMultipleProduct -->
