<?xml version="1.0" encoding="UTF-8"?>
<!-- Generated by org.testng.reporters.JUnitReportReporter -->
<testsuite skipped="0" hostname="LAPTOP-2JQA28IF" name="com.sauceDemo.TestClasses.TC02AddToCartFunctinalitySingleProduct" tests="2" failures="0" timestamp="2022-04-17T11:48:50 IST" time="11.423" errors="0">
  <testcase name="verifyAddToCartFunctionality" time="3.867" classname="com.sauceDemo.TestClasses.TC02AddToCartFunctinalitySingleProduct"/>
  <system-out/>
  <testcase name="verifyAddToCartFunctionality" time="7.556" classname="com.sauceDemo.TestClasses.TC02AddToCartFunctinalitySingleProduct"/>
  <system-out/>
</testsuite> <!-- com.sauceDemo.TestClasses.TC02AddToCartFunctinalitySingleProduct -->
