<?xml version="1.0" encoding="UTF-8"?>
<!-- Generated by org.testng.reporters.JUnitReportReporter -->
<testsuite skipped="0" hostname="LAPTOP-2JQA28IF" name="com.sauceDemo.TestClasses.TC01LoginFunctionality" tests="2" failures="0" timestamp="2022-04-17T11:48:50 IST" time="12.686" errors="0">
  <testcase name="verifyLoginFunctionality" time="8.070" classname="com.sauceDemo.TestClasses.TC01LoginFunctionality"/>
  <system-out/>
  <testcase name="verifyLoginFunctionality" time="4.616" classname="com.sauceDemo.TestClasses.TC01LoginFunctionality"/>
  <system-out/>
</testsuite> <!-- com.sauceDemo.TestClasses.TC01LoginFunctionality -->
