<?xml version="1.0" encoding="UTF-8"?>
<!-- Generated by org.testng.reporters.JUnitReportReporter -->
<testsuite skipped="0" hostname="LAPTOP-2JQA28IF" name="com.sauceDemo.TestClasses.TC03LogoutFunctionality" tests="2" failures="0" timestamp="2022-04-17T11:48:50 IST" time="13.342" errors="0">
  <testcase name="verifyLogoutFunctionality" time="4.118" classname="com.sauceDemo.TestClasses.TC03LogoutFunctionality"/>
  <system-out/>
  <testcase name="verifyLogoutFunctionality" time="9.224" classname="com.sauceDemo.TestClasses.TC03LogoutFunctionality"/>
  <system-out/>
</testsuite> <!-- com.sauceDemo.TestClasses.TC03LogoutFunctionality -->
