<?xml version="1.0" encoding="UTF-8"?>
<!-- Generated by org.testng.reporters.JUnitReportReporter -->
<testsuite skipped="0" hostname="LAPTOP-2JQA28IF" name="com.sauceDemo.TestClasses.TC03LogoutFunctionality" tests="1" failures="0" timestamp="2022-04-08T00:22:47 IST" time="4.630" errors="0">
  <testcase name="verifyLogoutFunctionality" time="4.630" classname="com.sauceDemo.TestClasses.TC03LogoutFunctionality"/>
  <system-out/>
</testsuite> <!-- com.sauceDemo.TestClasses.TC03LogoutFunctionality -->
