<?xml version="1.0" encoding="UTF-8"?>
<!-- Generated by org.testng.reporters.JUnitReportReporter -->
<testsuite skipped="0" hostname="LAPTOP-2JQA28IF" name="com.sauceDemo.TestClasses1.TC01LoginFunctionality" tests="1" failures="0" timestamp="2022-04-08T00:53:41 IST" time="5.165" errors="0">
  <testcase name="verifyLoginFunctionality" time="5.165" classname="com.sauceDemo.TestClasses1.TC01LoginFunctionality"/>
  <system-out/>
</testsuite> <!-- com.sauceDemo.TestClasses1.TC01LoginFunctionality -->
