<?xml version="1.0" encoding="UTF-8"?>
<!-- Generated by org.testng.reporters.JUnitReportReporter -->
<testsuite skipped="0" hostname="LAPTOP-2JQA28IF" name="com.sauceDemo.PracticePackage.TestNG8" tests="5" failures="0" timestamp="2022-04-11T18:45:55 IST" time="0.014" errors="0">
  <testcase name="testB" time="0.009" classname="com.sauceDemo.PracticePackage.TestNG8"/>
  <system-out/>
  <testcase name="testA" time="0.002" classname="com.sauceDemo.PracticePackage.TestNG8"/>
  <system-out/>
  <testcase name="testD" time="0.001" classname="com.sauceDemo.PracticePackage.TestNG8"/>
  <system-out/>
  <testcase name="testC" time="0.001" classname="com.sauceDemo.PracticePackage.TestNG8"/>
  <system-out/>
  <testcase name="testE" time="0.001" classname="com.sauceDemo.PracticePackage.TestNG8"/>
  <system-out/>
</testsuite> <!-- com.sauceDemo.PracticePackage.TestNG8 -->
