<?xml version="1.0" encoding="UTF-8"?>
<!-- Generated by org.testng.reporters.JUnitReportReporter -->
<testsuite skipped="0" hostname="LAPTOP-2JQA28IF" name="com.sauceDemo.PracticePackage.TestNG5" tests="1" failures="0" timestamp="2022-04-11T11:39:37 IST" time="0.011" errors="0">
  <testcase name="verifyLogin" time="0.011" classname="com.sauceDemo.PracticePackage.TestNG5"/>
  <system-out/>
</testsuite> <!-- com.sauceDemo.PracticePackage.TestNG5 -->
