<?xml version="1.0" encoding="UTF-8"?>
<!-- Generated by org.testng.reporters.JUnitReportReporter -->
<testsuite skipped="0" hostname="LAPTOP-2JQA28IF" name="com.sauceDemo.PracticePackage.TestNG" tests="2" failures="0" timestamp="2022-04-08T00:33:28 IST" time="0.013" errors="0">
  <testcase name="method1" time="0.011" classname="com.sauceDemo.PracticePackage.TestNG"/>
  <system-out/>
  <testcase name="method2" time="0.002" classname="com.sauceDemo.PracticePackage.TestNG"/>
  <system-out/>
</testsuite> <!-- com.sauceDemo.PracticePackage.TestNG -->
