<?xml version="1.0" encoding="UTF-8"?>
<!-- Generated by org.testng.reporters.JUnitReportReporter -->
<testsuite skipped="0" hostname="LAPTOP-2JQA28IF" name="com.sauceDemo.TestClasses1.TC03LogoutFunctionality" tests="1" failures="0" timestamp="2022-04-08T01:09:23 IST" time="5.509" errors="0">
  <testcase name="verifyLogoutFunctionality" time="5.509" classname="com.sauceDemo.TestClasses1.TC03LogoutFunctionality"/>
  <system-out/>
</testsuite> <!-- com.sauceDemo.TestClasses1.TC03LogoutFunctionality -->
