<?xml version="1.0" encoding="UTF-8"?>
<!-- Generated by org.testng.reporters.JUnitReportReporter -->
<testsuite skipped="0" hostname="LAPTOP-2JQA28IF" name="com.sauceDemo.TestClasses.TC04AddToCartFunctionalityMultipleProduct" tests="1" failures="0" timestamp="2022-04-08T01:21:03 IST" time="5.166" errors="0">
  <testcase name="verifyAddToCartFunctionality" time="5.166" classname="com.sauceDemo.TestClasses.TC04AddToCartFunctionalityMultipleProduct"/>
  <system-out/>
</testsuite> <!-- com.sauceDemo.TestClasses.TC04AddToCartFunctionalityMultipleProduct -->
