<?xml version="1.0" encoding="UTF-8"?>
<!-- Generated by org.testng.reporters.JUnitReportReporter -->
<testsuite skipped="1" hostname="LAPTOP-2JQA28IF" name="com.sauceDemo.PracticePackage.TestNG10" tests="2" failures="0" timestamp="2022-04-12T18:17:29 IST" time="0.006" errors="0">
  <testcase name="testB" time="0.006" classname="com.sauceDemo.PracticePackage.TestNG10"/>
  <system-out/>
  <testcase name="testA" classname="com.sauceDemo.PracticePackage.TestNG10">
    <skipped/>
  </testcase> <!-- testA -->
  <system-out/>
</testsuite> <!-- com.sauceDemo.PracticePackage.TestNG10 -->
