<?xml version="1.0" encoding="UTF-8"?>
<!-- Generated by org.testng.reporters.JUnitReportReporter -->
<testsuite skipped="0" hostname="LAPTOP-2JQA28IF" name="com.sauceDemo.TestClasses1.TC02AddToCartFunctionalitySingleProduct" tests="1" failures="0" timestamp="2022-04-08T01:23:16 IST" time="4.605" errors="0">
  <testcase name="verifyAddToCartFunctionality" time="4.605" classname="com.sauceDemo.TestClasses1.TC02AddToCartFunctionalitySingleProduct"/>
  <system-out/>
</testsuite> <!-- com.sauceDemo.TestClasses1.TC02AddToCartFunctionalitySingleProduct -->
