<?xml version="1.0" encoding="UTF-8"?>
<!-- Generated by org.testng.reporters.JUnitReportReporter -->
<testsuite skipped="0" hostname="LAPTOP-2JQA28IF" name="com.sauceDemo.TestClasses.TC01LoginFunctionality" tests="1" failures="0" timestamp="2022-04-08T00:03:11 IST" time="5.497" errors="0">
  <testcase name="LoginFunctionality" time="5.497" classname="com.sauceDemo.TestClasses.TC01LoginFunctionality"/>
  <system-out/>
</testsuite> <!-- com.sauceDemo.TestClasses.TC01LoginFunctionality -->
